[0m20:38:08.317922 [debug] [MainThread]: Sending event: {'category': 'dbt', 'action': 'invocation', 'label': 'start', 'context': [<snowplow_tracker.self_describing_json.SelfDescribingJson object at 0x1030dbdc0>, <snowplow_tracker.self_describing_json.SelfDescribingJson object at 0x103b65e50>, <snowplow_tracker.self_describing_json.SelfDescribingJson object at 0x105013640>]}


============================== 20:38:08.320465 | 6e1f0ea3-dbb3-48cf-aa42-ecd4e998d537 ==============================
[0m20:38:08.320465 [info ] [MainThread]: Running with dbt=1.8.7
[0m20:38:08.320825 [debug] [MainThread]: running dbt with arguments {'printer_width': '80', 'indirect_selection': 'eager', 'write_json': 'True', 'log_cache_events': 'False', 'partial_parse': 'True', 'cache_selected_only': 'False', 'warn_error': 'None', 'version_check': 'True', 'fail_fast': 'False', 'log_path': 'logs', 'debug': 'False', 'profiles_dir': '/Users/vitorduarte/.dbt', 'use_colors': 'True', 'use_experimental_parser': 'False', 'empty': 'None', 'quiet': 'False', 'no_print': 'None', 'warn_error_options': 'WarnErrorOptions(include=[], exclude=[])', 'invocation_command': 'dbt init my_dbt_project', 'introspect': 'True', 'static_parser': 'True', 'target_path': 'None', 'log_format': 'default', 'send_anonymous_usage_stats': 'True'}
[0m20:38:08.329230 [debug] [MainThread]: Starter project path: /Users/vitorduarte/Documents/airflow_snow_dbt/.venv/lib/python3.9/site-packages/dbt/include/starter_project
[0m20:38:08.333922 [info ] [MainThread]: 
Your new dbt project "my_dbt_project" was created!

For more information on how to configure the profiles.yml file,
please consult the dbt documentation here:

  https://docs.getdbt.com/docs/configure-your-profile

One more thing:

Need help? Don't hesitate to reach out to us via GitHub issues or on Slack:

  https://community.getdbt.com/

Happy modeling!

[0m20:38:08.334170 [info ] [MainThread]: Setting up your profile.
[0m20:41:25.319398 [info ] [MainThread]: Profile my_dbt_project written to /Users/vitorduarte/.dbt/profiles.yml using target's profile_template.yml and your supplied values. Run 'dbt debug' to validate the connection.
[0m20:41:25.372459 [debug] [MainThread]: Resource report: {"command_name": "init", "command_success": true, "command_wall_clock_time": 197.09608, "process_user_time": 0.883788, "process_kernel_time": 0.230228, "process_mem_max_rss": "94879744", "process_in_blocks": "0", "process_out_blocks": "0"}
[0m20:41:25.374336 [debug] [MainThread]: Command `dbt init` succeeded at 20:41:25.374059 after 197.10 seconds
[0m20:41:25.375659 [debug] [MainThread]: Sending event: {'category': 'dbt', 'action': 'invocation', 'label': 'end', 'context': [<snowplow_tracker.self_describing_json.SelfDescribingJson object at 0x1030dbdc0>, <snowplow_tracker.self_describing_json.SelfDescribingJson object at 0x10657ac70>, <snowplow_tracker.self_describing_json.SelfDescribingJson object at 0x104feec10>]}
[0m20:41:25.376527 [debug] [MainThread]: Flushing usage events
